2022-05-16 14:34:32,921 INFO [root] [base.py (__init__:12] - 初始化driver<selenium.webdriver.chrome.webdriver.WebDriver (session="1d132692aea488f4c4bfa67711a11963")>
2022-05-16 14:34:32,921 INFO [root] [base.py (base_input:45] - 准备给元素('xpath', "//label[contains(text(), '登录名')]/following-sibling::div/div/input")输入内容:shuirr
2022-05-16 14:34:32,921 INFO [root] [base.py (base_find_element:17] - 正在查找元素:('xpath', "//label[contains(text(), '登录名')]/following-sibling::div/div/input")
2022-05-16 14:34:32,952 INFO [root] [base.py (base_input:49] - 正在给元素('xpath', "//label[contains(text(), '登录名')]/following-sibling::div/div/input")清空
2022-05-16 14:34:33,016 INFO [root] [base.py (base_input:52] - 正在给元素('xpath', "//label[contains(text(), '登录名')]/following-sibling::div/div/input")输入内容:shuirr
2022-05-16 14:34:33,016 INFO [root] [base.py (base_input:45] - 准备给元素('xpath', "//label[contains(text(), '密码')]/following-sibling::div/div/input")输入内容:ok111111
2022-05-16 14:34:33,016 INFO [root] [base.py (base_find_element:17] - 正在查找元素:('xpath', "//label[contains(text(), '密码')]/following-sibling::div/div/input")
2022-05-16 14:34:33,038 INFO [root] [base.py (base_input:49] - 正在给元素('xpath', "//label[contains(text(), '密码')]/following-sibling::div/div/input")清空
2022-05-16 14:34:33,074 INFO [root] [base.py (base_input:52] - 正在给元素('xpath', "//label[contains(text(), '密码')]/following-sibling::div/div/input")输入内容:ok111111
2022-05-16 14:34:33,074 INFO [root] [base.py (base_click:28] - 正在点击元素:('xpath', "//span[contains(text(), '登录')]")
2022-05-16 14:34:33,074 INFO [root] [base.py (base_find_element:17] - 正在查找元素:('xpath', "//span[contains(text(), '登录')]")
2022-05-16 14:34:34,106 INFO [root] [base.py (base_click:28] - 正在点击元素:('xpath', "//span[contains(text(), '藏品管理')]")
2022-05-16 14:34:34,106 INFO [root] [base.py (base_find_element:17] - 正在查找元素:('xpath', "//span[contains(text(), '藏品管理')]")
2022-05-16 14:34:35,210 INFO [root] [base.py (base_click:28] - 正在点击元素:('xpath', "//span[contains(text(), '征集管理')]")
2022-05-16 14:34:35,210 INFO [root] [base.py (base_find_element:17] - 正在查找元素:('xpath', "//span[contains(text(), '征集管理')]")
2022-05-16 14:34:36,263 INFO [root] [base.py (base_click:28] - 正在点击元素:('xpath', "//span[contains(text(), '确认征集')]")
2022-05-16 14:34:36,263 INFO [root] [base.py (base_find_element:17] - 正在查找元素:('xpath', "//span[contains(text(), '确认征集')]")
2022-05-16 14:34:37,289 INFO [root] [base.py (base_click:28] - 正在点击元素:('xpath', "(//span[contains(@class, 'el-checkbox__input')])[1]")
2022-05-16 14:34:37,289 INFO [root] [base.py (base_find_element:17] - 正在查找元素:('xpath', "(//span[contains(@class, 'el-checkbox__input')])[1]")
2022-05-16 14:34:37,314 INFO [root] [base.py (base_click:28] - 正在点击元素:('xpath', "(//button/span[contains(text(), '关联合同')])[1]")
2022-05-16 14:34:37,314 INFO [root] [base.py (base_find_element:17] - 正在查找元素:('xpath', "(//button/span[contains(text(), '关联合同')])[1]")
2022-05-16 14:34:37,385 INFO [root] [base.py (base_click:28] - 正在点击元素:('xpath', "//p[contains(text(), '请选择关联合同')]")
2022-05-16 14:34:37,385 INFO [root] [base.py (base_find_element:17] - 正在查找元素:('xpath', "//p[contains(text(), '请选择关联合同')]")
2022-05-16 14:34:45,848 INFO [root] [base.py (base_click:28] - 正在点击元素:('xpath', "(//span[contains(@class, 'el-checkbox__input')])[2]")
2022-05-16 14:34:45,848 INFO [root] [base.py (base_find_element:17] - 正在查找元素:('xpath', "(//span[contains(@class, 'el-checkbox__input')])[2]")
2022-05-16 14:34:47,937 INFO [root] [base.py (base_click:28] - 正在点击元素:('xpath', "(//span[contains(@class, 'el-checkbox__input')])[1]")
2022-05-16 14:34:47,937 INFO [root] [base.py (base_find_element:17] - 正在查找元素:('xpath', "(//span[contains(@class, 'el-checkbox__input')])[1]")
2022-05-16 14:37:44,289 INFO [root] [base.py (__init__:12] - 初始化driver<selenium.webdriver.chrome.webdriver.WebDriver (session="ce286dcb807e3fc99db1cbe47234110e")>
2022-05-16 14:37:44,290 INFO [root] [base.py (base_input:45] - 准备给元素('xpath', "//label[contains(text(), '登录名')]/following-sibling::div/div/input")输入内容:shuirr
2022-05-16 14:37:44,290 INFO [root] [base.py (base_find_element:17] - 正在查找元素:('xpath', "//label[contains(text(), '登录名')]/following-sibling::div/div/input")
2022-05-16 14:37:44,310 INFO [root] [base.py (base_input:49] - 正在给元素('xpath', "//label[contains(text(), '登录名')]/following-sibling::div/div/input")清空
2022-05-16 14:37:44,362 INFO [root] [base.py (base_input:52] - 正在给元素('xpath', "//label[contains(text(), '登录名')]/following-sibling::div/div/input")输入内容:shuirr
2022-05-16 14:37:44,362 INFO [root] [base.py (base_input:45] - 准备给元素('xpath', "//label[contains(text(), '密码')]/following-sibling::div/div/input")输入内容:ok111111
2022-05-16 14:37:44,362 INFO [root] [base.py (base_find_element:17] - 正在查找元素:('xpath', "//label[contains(text(), '密码')]/following-sibling::div/div/input")
2022-05-16 14:37:44,389 INFO [root] [base.py (base_input:49] - 正在给元素('xpath', "//label[contains(text(), '密码')]/following-sibling::div/div/input")清空
2022-05-16 14:37:44,423 INFO [root] [base.py (base_input:52] - 正在给元素('xpath', "//label[contains(text(), '密码')]/following-sibling::div/div/input")输入内容:ok111111
2022-05-16 14:37:44,423 INFO [root] [base.py (base_click:28] - 正在点击元素:('xpath', "//span[contains(text(), '登录')]")
2022-05-16 14:37:44,423 INFO [root] [base.py (base_find_element:17] - 正在查找元素:('xpath', "//span[contains(text(), '登录')]")
2022-05-16 14:37:45,460 INFO [root] [base.py (base_click:28] - 正在点击元素:('xpath', "//span[contains(text(), '藏品管理')]")
2022-05-16 14:37:45,460 INFO [root] [base.py (base_find_element:17] - 正在查找元素:('xpath', "//span[contains(text(), '藏品管理')]")
2022-05-16 14:37:46,599 INFO [root] [base.py (base_click:28] - 正在点击元素:('xpath', "//span[contains(text(), '征集管理')]")
2022-05-16 14:37:46,599 INFO [root] [base.py (base_find_element:17] - 正在查找元素:('xpath', "//span[contains(text(), '征集管理')]")
2022-05-16 14:37:47,652 INFO [root] [base.py (base_click:28] - 正在点击元素:('xpath', "//span[contains(text(), '确认征集')]")
2022-05-16 14:37:47,652 INFO [root] [base.py (base_find_element:17] - 正在查找元素:('xpath', "//span[contains(text(), '确认征集')]")
2022-05-16 14:37:48,690 INFO [root] [base.py (base_click:28] - 正在点击元素:('xpath', "(//span[contains(@class, 'el-checkbox__input')])[1]")
2022-05-16 14:37:48,690 INFO [root] [base.py (base_find_element:17] - 正在查找元素:('xpath', "(//span[contains(@class, 'el-checkbox__input')])[1]")
2022-05-16 14:37:48,717 INFO [root] [base.py (base_click:28] - 正在点击元素:('xpath', "(//button/span[contains(text(), '关联合同')])[1]")
2022-05-16 14:37:48,717 INFO [root] [base.py (base_find_element:17] - 正在查找元素:('xpath', "(//button/span[contains(text(), '关联合同')])[1]")
2022-05-16 14:37:48,788 INFO [root] [base.py (base_click:28] - 正在点击元素:('xpath', "//p[contains(text(), '请选择关联合同')]")
2022-05-16 14:37:48,788 INFO [root] [base.py (base_find_element:17] - 正在查找元素:('xpath', "//p[contains(text(), '请选择关联合同')]")
2022-05-16 14:37:58,153 INFO [root] [base.py (base_click:28] - 正在点击元素:('xpath', "//button[@aria-label='Close']")
2022-05-16 14:37:58,153 INFO [root] [base.py (base_find_element:17] - 正在查找元素:('xpath', "//button[@aria-label='Close']")
2022-05-16 14:37:59,214 INFO [root] [base.py (base_click:28] - 正在点击元素:('xpath', "(//span[contains(@class, 'el-checkbox__input')])[2]")
2022-05-16 14:37:59,214 INFO [root] [base.py (base_find_element:17] - 正在查找元素:('xpath', "(//span[contains(@class, 'el-checkbox__input')])[2]")
2022-05-16 14:37:59,249 INFO [root] [base.py (base_click:28] - 正在点击元素:('xpath', "//button/span[contains(text(), '取消关联合同')]")
2022-05-16 14:37:59,249 INFO [root] [base.py (base_find_element:17] - 正在查找元素:('xpath', "//button/span[contains(text(), '取消关联合同')]")
2022-05-16 14:37:59,281 INFO [root] [base.py (base_click:28] - 正在点击元素:('xpath', "//span[contains(text(), '是')]")
2022-05-16 14:37:59,281 INFO [root] [base.py (base_find_element:17] - 正在查找元素:('xpath', "//span[contains(text(), '是')]")
2022-05-16 14:40:41,791 INFO [root] [base.py (__init__:12] - 初始化driver<selenium.webdriver.chrome.webdriver.WebDriver (session="feb51ea1d52eaea70a7cfe3689bb92f1")>
2022-05-16 14:40:41,791 INFO [root] [base.py (base_input:45] - 准备给元素('xpath', "//label[contains(text(), '登录名')]/following-sibling::div/div/input")输入内容:shuirr
2022-05-16 14:40:41,791 INFO [root] [base.py (base_find_element:17] - 正在查找元素:('xpath', "//label[contains(text(), '登录名')]/following-sibling::div/div/input")
2022-05-16 14:40:41,816 INFO [root] [base.py (base_input:49] - 正在给元素('xpath', "//label[contains(text(), '登录名')]/following-sibling::div/div/input")清空
2022-05-16 14:40:41,867 INFO [root] [base.py (base_input:52] - 正在给元素('xpath', "//label[contains(text(), '登录名')]/following-sibling::div/div/input")输入内容:shuirr
2022-05-16 14:40:41,868 INFO [root] [base.py (base_input:45] - 准备给元素('xpath', "//label[contains(text(), '密码')]/following-sibling::div/div/input")输入内容:ok111111
2022-05-16 14:40:41,868 INFO [root] [base.py (base_find_element:17] - 正在查找元素:('xpath', "//label[contains(text(), '密码')]/following-sibling::div/div/input")
2022-05-16 14:40:41,894 INFO [root] [base.py (base_input:49] - 正在给元素('xpath', "//label[contains(text(), '密码')]/following-sibling::div/div/input")清空
2022-05-16 14:40:41,933 INFO [root] [base.py (base_input:52] - 正在给元素('xpath', "//label[contains(text(), '密码')]/following-sibling::div/div/input")输入内容:ok111111
2022-05-16 14:40:41,934 INFO [root] [base.py (base_click:28] - 正在点击元素:('xpath', "//span[contains(text(), '登录')]")
2022-05-16 14:40:41,934 INFO [root] [base.py (base_find_element:17] - 正在查找元素:('xpath', "//span[contains(text(), '登录')]")
2022-05-16 14:40:42,973 INFO [root] [base.py (base_click:28] - 正在点击元素:('xpath', "//span[contains(text(), '藏品管理')]")
2022-05-16 14:40:42,973 INFO [root] [base.py (base_find_element:17] - 正在查找元素:('xpath', "//span[contains(text(), '藏品管理')]")
2022-05-16 14:40:44,080 INFO [root] [base.py (base_click:28] - 正在点击元素:('xpath', "//span[contains(text(), '征集管理')]")
2022-05-16 14:40:44,080 INFO [root] [base.py (base_find_element:17] - 正在查找元素:('xpath', "//span[contains(text(), '征集管理')]")
2022-05-16 14:40:45,122 INFO [root] [base.py (base_click:28] - 正在点击元素:('xpath', "//span[contains(text(), '确认征集')]")
2022-05-16 14:40:45,122 INFO [root] [base.py (base_find_element:17] - 正在查找元素:('xpath', "//span[contains(text(), '确认征集')]")
2022-05-16 14:40:46,153 INFO [root] [base.py (base_click:28] - 正在点击元素:('xpath', "(//span[contains(@class, 'el-checkbox__input')])[1]")
2022-05-16 14:40:46,153 INFO [root] [base.py (base_find_element:17] - 正在查找元素:('xpath', "(//span[contains(@class, 'el-checkbox__input')])[1]")
2022-05-16 14:40:46,178 INFO [root] [base.py (base_click:28] - 正在点击元素:('xpath', "(//button/span[contains(text(), '关联合同')])[1]")
2022-05-16 14:40:46,178 INFO [root] [base.py (base_find_element:17] - 正在查找元素:('xpath', "(//button/span[contains(text(), '关联合同')])[1]")
2022-05-16 14:40:46,247 INFO [root] [base.py (base_click:28] - 正在点击元素:('xpath', "//p[contains(text(), '请选择关联合同')]")
2022-05-16 14:40:46,247 INFO [root] [base.py (base_find_element:17] - 正在查找元素:('xpath', "//p[contains(text(), '请选择关联合同')]")
2022-05-16 14:40:55,573 INFO [root] [base.py (base_click:28] - 正在点击元素:('xpath', "//button[@aria-label='Close']")
2022-05-16 14:40:55,573 INFO [root] [base.py (base_find_element:17] - 正在查找元素:('xpath', "//button[@aria-label='Close']")
2022-05-16 14:40:56,630 INFO [root] [base.py (base_click:28] - 正在点击元素:('xpath', "(//span[contains(@class, 'el-checkbox__input')])[2]")
2022-05-16 14:40:56,630 INFO [root] [base.py (base_find_element:17] - 正在查找元素:('xpath', "(//span[contains(@class, 'el-checkbox__input')])[2]")
2022-05-16 14:40:56,664 INFO [root] [base.py (base_click:28] - 正在点击元素:('xpath', "//button/span[contains(text(), '取消关联合同')]")
2022-05-16 14:40:56,664 INFO [root] [base.py (base_find_element:17] - 正在查找元素:('xpath', "//button/span[contains(text(), '取消关联合同')]")
2022-05-16 14:40:56,697 INFO [root] [base.py (base_click:28] - 正在点击元素:('xpath', "//span[contains(text(), '是')]")
2022-05-16 14:40:56,697 INFO [root] [base.py (base_find_element:17] - 正在查找元素:('xpath', "//span[contains(text(), '是')]")
2022-05-16 14:43:37,324 INFO [root] [base.py (__init__:12] - 初始化driver<selenium.webdriver.chrome.webdriver.WebDriver (session="041fc90a215d7cf919b833c5e03e8b4f")>
2022-05-16 14:43:37,324 INFO [root] [base.py (base_input:45] - 准备给元素('xpath', "//label[contains(text(), '登录名')]/following-sibling::div/div/input")输入内容:shuirr
2022-05-16 14:43:37,324 INFO [root] [base.py (base_find_element:17] - 正在查找元素:('xpath', "//label[contains(text(), '登录名')]/following-sibling::div/div/input")
2022-05-16 14:43:37,349 INFO [root] [base.py (base_input:49] - 正在给元素('xpath', "//label[contains(text(), '登录名')]/following-sibling::div/div/input")清空
2022-05-16 14:43:37,398 INFO [root] [base.py (base_input:52] - 正在给元素('xpath', "//label[contains(text(), '登录名')]/following-sibling::div/div/input")输入内容:shuirr
2022-05-16 14:43:37,398 INFO [root] [base.py (base_input:45] - 准备给元素('xpath', "//label[contains(text(), '密码')]/following-sibling::div/div/input")输入内容:ok111111
2022-05-16 14:43:37,398 INFO [root] [base.py (base_find_element:17] - 正在查找元素:('xpath', "//label[contains(text(), '密码')]/following-sibling::div/div/input")
2022-05-16 14:43:37,434 INFO [root] [base.py (base_input:49] - 正在给元素('xpath', "//label[contains(text(), '密码')]/following-sibling::div/div/input")清空
2022-05-16 14:43:37,473 INFO [root] [base.py (base_input:52] - 正在给元素('xpath', "//label[contains(text(), '密码')]/following-sibling::div/div/input")输入内容:ok111111
2022-05-16 14:43:37,474 INFO [root] [base.py (base_click:28] - 正在点击元素:('xpath', "//span[contains(text(), '登录')]")
2022-05-16 14:43:37,474 INFO [root] [base.py (base_find_element:17] - 正在查找元素:('xpath', "//span[contains(text(), '登录')]")
2022-05-16 14:43:38,506 INFO [root] [base.py (base_click:28] - 正在点击元素:('xpath', "//span[contains(text(), '藏品管理')]")
2022-05-16 14:43:38,506 INFO [root] [base.py (base_find_element:17] - 正在查找元素:('xpath', "//span[contains(text(), '藏品管理')]")
2022-05-16 14:43:39,603 INFO [root] [base.py (base_click:28] - 正在点击元素:('xpath', "//span[contains(text(), '征集管理')]")
2022-05-16 14:43:39,603 INFO [root] [base.py (base_find_element:17] - 正在查找元素:('xpath', "//span[contains(text(), '征集管理')]")
2022-05-16 14:43:40,638 INFO [root] [base.py (base_click:28] - 正在点击元素:('xpath', "//span[contains(text(), '确认征集')]")
2022-05-16 14:43:40,638 INFO [root] [base.py (base_find_element:17] - 正在查找元素:('xpath', "//span[contains(text(), '确认征集')]")
2022-05-16 14:43:41,672 INFO [root] [base.py (base_click:28] - 正在点击元素:('xpath', "(//span[contains(@class, 'el-checkbox__input')])[1]")
2022-05-16 14:43:41,672 INFO [root] [base.py (base_find_element:17] - 正在查找元素:('xpath', "(//span[contains(@class, 'el-checkbox__input')])[1]")
2022-05-16 14:43:41,697 INFO [root] [base.py (base_click:28] - 正在点击元素:('xpath', "(//button/span[contains(text(), '关联合同')])[1]")
2022-05-16 14:43:41,697 INFO [root] [base.py (base_find_element:17] - 正在查找元素:('xpath', "(//button/span[contains(text(), '关联合同')])[1]")
2022-05-16 14:43:41,767 INFO [root] [base.py (base_click:28] - 正在点击元素:('xpath', "//p[contains(text(), '请选择关联合同')]")
2022-05-16 14:43:41,767 INFO [root] [base.py (base_find_element:17] - 正在查找元素:('xpath', "//p[contains(text(), '请选择关联合同')]")
2022-05-16 14:43:51,105 INFO [root] [base.py (base_click:28] - 正在点击元素:('xpath', "//button[@aria-label='Close']")
2022-05-16 14:43:51,105 INFO [root] [base.py (base_find_element:17] - 正在查找元素:('xpath', "//button[@aria-label='Close']")
2022-05-16 14:46:21,890 INFO [root] [base.py (__init__:12] - 初始化driver<selenium.webdriver.chrome.webdriver.WebDriver (session="32c429338bfddcf7aeb4db1d55a8d753")>
2022-05-16 14:46:21,890 INFO [root] [base.py (base_input:45] - 准备给元素('xpath', "//label[contains(text(), '登录名')]/following-sibling::div/div/input")输入内容:shuirr
2022-05-16 14:46:21,890 INFO [root] [base.py (base_find_element:17] - 正在查找元素:('xpath', "//label[contains(text(), '登录名')]/following-sibling::div/div/input")
2022-05-16 14:46:21,904 INFO [root] [base.py (base_input:49] - 正在给元素('xpath', "//label[contains(text(), '登录名')]/following-sibling::div/div/input")清空
2022-05-16 14:46:21,963 INFO [root] [base.py (base_input:52] - 正在给元素('xpath', "//label[contains(text(), '登录名')]/following-sibling::div/div/input")输入内容:shuirr
2022-05-16 14:46:21,963 INFO [root] [base.py (base_input:45] - 准备给元素('xpath', "//label[contains(text(), '密码')]/following-sibling::div/div/input")输入内容:ok111111
2022-05-16 14:46:21,964 INFO [root] [base.py (base_find_element:17] - 正在查找元素:('xpath', "//label[contains(text(), '密码')]/following-sibling::div/div/input")
2022-05-16 14:46:21,990 INFO [root] [base.py (base_input:49] - 正在给元素('xpath', "//label[contains(text(), '密码')]/following-sibling::div/div/input")清空
2022-05-16 14:46:22,025 INFO [root] [base.py (base_input:52] - 正在给元素('xpath', "//label[contains(text(), '密码')]/following-sibling::div/div/input")输入内容:ok111111
2022-05-16 14:46:22,025 INFO [root] [base.py (base_click:28] - 正在点击元素:('xpath', "//span[contains(text(), '登录')]")
2022-05-16 14:46:22,025 INFO [root] [base.py (base_find_element:17] - 正在查找元素:('xpath', "//span[contains(text(), '登录')]")
2022-05-16 14:46:23,072 INFO [root] [base.py (base_click:28] - 正在点击元素:('xpath', "//span[contains(text(), '藏品管理')]")
2022-05-16 14:46:23,072 INFO [root] [base.py (base_find_element:17] - 正在查找元素:('xpath', "//span[contains(text(), '藏品管理')]")
2022-05-16 14:46:24,171 INFO [root] [base.py (base_click:28] - 正在点击元素:('xpath', "//span[contains(text(), '征集管理')]")
2022-05-16 14:46:24,171 INFO [root] [base.py (base_find_element:17] - 正在查找元素:('xpath', "//span[contains(text(), '征集管理')]")
2022-05-16 14:46:25,201 INFO [root] [base.py (base_click:28] - 正在点击元素:('xpath', "//span[contains(text(), '确认征集')]")
2022-05-16 14:46:25,201 INFO [root] [base.py (base_find_element:17] - 正在查找元素:('xpath', "//span[contains(text(), '确认征集')]")
2022-05-16 14:46:26,241 INFO [root] [base.py (base_click:28] - 正在点击元素:('xpath', "(//span[contains(@class, 'el-checkbox__input')])[1]")
2022-05-16 14:46:26,241 INFO [root] [base.py (base_find_element:17] - 正在查找元素:('xpath', "(//span[contains(@class, 'el-checkbox__input')])[1]")
2022-05-16 14:46:26,268 INFO [root] [base.py (base_click:28] - 正在点击元素:('xpath', "(//button/span[contains(text(), '关联合同')])[1]")
2022-05-16 14:46:26,268 INFO [root] [base.py (base_find_element:17] - 正在查找元素:('xpath', "(//button/span[contains(text(), '关联合同')])[1]")
2022-05-16 14:46:26,340 INFO [root] [base.py (base_click:28] - 正在点击元素:('xpath', "//p[contains(text(), '请选择关联合同')]")
2022-05-16 14:46:26,340 INFO [root] [base.py (base_find_element:17] - 正在查找元素:('xpath', "//p[contains(text(), '请选择关联合同')]")
2022-05-16 14:46:30,790 INFO [root] [base.py (base_click:28] - 正在点击元素:('xpath', "//button[@aria-label='Close']")
2022-05-16 14:46:30,790 INFO [root] [base.py (base_find_element:17] - 正在查找元素:('xpath', "//button[@aria-label='Close']")
2022-05-16 14:47:34,758 INFO [root] [base.py (__init__:12] - 初始化driver<selenium.webdriver.chrome.webdriver.WebDriver (session="5cfaccfd12b42cbc36f8bf28417fe39f")>
2022-05-16 14:47:34,758 INFO [root] [base.py (base_input:45] - 准备给元素('xpath', "//label[contains(text(), '登录名')]/following-sibling::div/div/input")输入内容:shuirr
2022-05-16 14:47:34,758 INFO [root] [base.py (base_find_element:17] - 正在查找元素:('xpath', "//label[contains(text(), '登录名')]/following-sibling::div/div/input")
2022-05-16 14:47:34,775 INFO [root] [base.py (base_input:49] - 正在给元素('xpath', "//label[contains(text(), '登录名')]/following-sibling::div/div/input")清空
2022-05-16 14:47:34,849 INFO [root] [base.py (base_input:52] - 正在给元素('xpath', "//label[contains(text(), '登录名')]/following-sibling::div/div/input")输入内容:shuirr
2022-05-16 14:47:34,849 INFO [root] [base.py (base_input:45] - 准备给元素('xpath', "//label[contains(text(), '密码')]/following-sibling::div/div/input")输入内容:ok111111
2022-05-16 14:47:34,849 INFO [root] [base.py (base_find_element:17] - 正在查找元素:('xpath', "//label[contains(text(), '密码')]/following-sibling::div/div/input")
2022-05-16 14:47:34,872 INFO [root] [base.py (base_input:49] - 正在给元素('xpath', "//label[contains(text(), '密码')]/following-sibling::div/div/input")清空
2022-05-16 14:47:34,904 INFO [root] [base.py (base_input:52] - 正在给元素('xpath', "//label[contains(text(), '密码')]/following-sibling::div/div/input")输入内容:ok111111
2022-05-16 14:47:34,904 INFO [root] [base.py (base_click:28] - 正在点击元素:('xpath', "//span[contains(text(), '登录')]")
2022-05-16 14:47:34,905 INFO [root] [base.py (base_find_element:17] - 正在查找元素:('xpath', "//span[contains(text(), '登录')]")
2022-05-16 14:47:35,943 INFO [root] [base.py (base_click:28] - 正在点击元素:('xpath', "//span[contains(text(), '藏品管理')]")
2022-05-16 14:47:35,943 INFO [root] [base.py (base_find_element:17] - 正在查找元素:('xpath', "//span[contains(text(), '藏品管理')]")
2022-05-16 14:47:37,045 INFO [root] [base.py (base_click:28] - 正在点击元素:('xpath', "//span[contains(text(), '征集管理')]")
2022-05-16 14:47:37,045 INFO [root] [base.py (base_find_element:17] - 正在查找元素:('xpath', "//span[contains(text(), '征集管理')]")
2022-05-16 14:47:38,083 INFO [root] [base.py (base_click:28] - 正在点击元素:('xpath', "//span[contains(text(), '确认征集')]")
2022-05-16 14:47:38,083 INFO [root] [base.py (base_find_element:17] - 正在查找元素:('xpath', "//span[contains(text(), '确认征集')]")
2022-05-16 14:47:39,117 INFO [root] [base.py (base_click:28] - 正在点击元素:('xpath', "(//span[contains(@class, 'el-checkbox__input')])[1]")
2022-05-16 14:47:39,117 INFO [root] [base.py (base_find_element:17] - 正在查找元素:('xpath', "(//span[contains(@class, 'el-checkbox__input')])[1]")
2022-05-16 14:47:39,142 INFO [root] [base.py (base_click:28] - 正在点击元素:('xpath', "(//button/span[contains(text(), '关联合同')])[1]")
2022-05-16 14:47:39,142 INFO [root] [base.py (base_find_element:17] - 正在查找元素:('xpath', "(//button/span[contains(text(), '关联合同')])[1]")
2022-05-16 14:47:39,209 INFO [root] [base.py (base_click:28] - 正在点击元素:('xpath', "//p[contains(text(), '请选择关联合同')]")
2022-05-16 14:47:39,209 INFO [root] [base.py (base_find_element:17] - 正在查找元素:('xpath', "//p[contains(text(), '请选择关联合同')]")
2022-05-16 14:47:43,631 INFO [root] [base.py (base_click:28] - 正在点击元素:('xpath', "//button[@aria-label='Close']")
2022-05-16 14:47:43,631 INFO [root] [base.py (base_find_element:17] - 正在查找元素:('xpath', "//button[@aria-label='Close']")
2022-05-16 14:47:44,664 INFO [root] [base.py (base_click:28] - 正在点击元素:('xpath', "(//span[contains(@class, 'el-checkbox__input')])[2]")
2022-05-16 14:47:44,664 INFO [root] [base.py (base_find_element:17] - 正在查找元素:('xpath', "(//span[contains(@class, 'el-checkbox__input')])[2]")
2022-05-16 14:47:44,696 INFO [root] [base.py (base_click:28] - 正在点击元素:('xpath', "//button/span[contains(text(), '取消关联合同')]")
2022-05-16 14:47:44,696 INFO [root] [base.py (base_find_element:17] - 正在查找元素:('xpath', "//button/span[contains(text(), '取消关联合同')]")
2022-05-16 14:47:44,731 INFO [root] [base.py (base_click:28] - 正在点击元素:('xpath', "//span[contains(text(), '是')]")
2022-05-16 14:47:44,731 INFO [root] [base.py (base_find_element:17] - 正在查找元素:('xpath', "//span[contains(text(), '是')]")
2022-05-16 14:47:45,300 INFO [root] [base.py (base_get_text:68] - 正在获取元素('xpath', "//p[contains(@class, 'el-message__content')]")的文本
2022-05-16 14:47:45,300 INFO [root] [base.py (base_find_element:17] - 正在查找元素:('xpath', "//p[contains(@class, 'el-message__content')]")
2022-05-16 14:47:46,844 INFO [root] [base.py (base_click:28] - 正在点击元素:('xpath', "(//span[contains(@class, 'el-checkbox__input')])[1]")
2022-05-16 14:47:46,844 INFO [root] [base.py (base_find_element:17] - 正在查找元素:('xpath', "(//span[contains(@class, 'el-checkbox__input')])[1]")
2022-05-16 14:47:46,861 INFO [root] [base.py (base_click:28] - 正在点击元素:('xpath', "(//button/span[contains(text(), '关联合同')])[1]")
2022-05-16 14:47:46,861 INFO [root] [base.py (base_find_element:17] - 正在查找元素:('xpath', "(//button/span[contains(text(), '关联合同')])[1]")
2022-05-16 14:47:46,913 INFO [root] [base.py (base_click:28] - 正在点击元素:('xpath', "//p[contains(text(), '请选择关联合同')]")
2022-05-16 14:47:46,913 INFO [root] [base.py (base_find_element:17] - 正在查找元素:('xpath', "//p[contains(text(), '请选择关联合同')]")
2022-05-16 14:47:51,341 INFO [root] [base.py (base_click:28] - 正在点击元素:('xpath', "//button[@aria-label='Close']")
2022-05-16 14:47:51,341 INFO [root] [base.py (base_find_element:17] - 正在查找元素:('xpath', "//button[@aria-label='Close']")
